[    0.000000] Linux version 4.15.0-213-generic (buildd@lcy02-amd64-079) (gcc version 7.5.0 (Ubuntu 7.5.0-3ubuntu1~18.04)) #224-Ubuntu SMP Mon Jun 19 13:30:12 UTC 2023 (Ubuntu 4.15.0-213.224-generic 4.15.18)
[    0.000000] Command line: BOOT_IMAGE=/boot/vmlinuz-4.15.0-213-generic root=UUID=f685bb41-0e3b-40c4-89c1-eea0f0583525 ro console=tty1 console=ttyS0
[    0.000000] KERNEL supported cpus:
[    0.000000]   Intel GenuineIntel
[    0.000000]   AMD AuthenticAMD
[    0.000000]   Centaur CentaurHauls
[    0.000000] [Firmware Bug]: TSC doesn't count with P0 frequency!
[    0.000000] x86/fpu: x87 FPU will use FXSAVE
[    0.000000] e820: BIOS-provided physical RAM map:
[    0.000000] BIOS-e820: [mem 0x0000000000000000-0x000000000009fbff] usable
[    0.000000] BIOS-e820: [mem 0x000000000009fc00-0x000000000009ffff] reserved
[    0.000000] BIOS-e820: [mem 0x00000000000f0000-0x00000000000fffff] reserved
[    0.000000] BIOS-e820: [mem 0x0000000000100000-0x000000007ffeffff] usable
[    0.000000] BIOS-e820: [mem 0x000000007fff0000-0x000000007fffffff] ACPI data
[    0.000000] BIOS-e820: [mem 0x00000000fec00000-0x00000000fec00fff] reserved
[    0.000000] BIOS-e820: [mem 0x00000000fee00000-0x00000000fee00fff] reserved
[    0.000000] BIOS-e820: [mem 0x00000000fffc0000-0x00000000ffffffff] reserved
[    0.000000] NX (Execute Disable) protection: active
[    0.000000] SMBIOS 2.5 present.
[    0.000000] DMI: innotek GmbH VirtualBox/VirtualBox, BIOS VirtualBox 12/01/2006
[    0.000000] Hypervisor detected: KVM
[    0.000000] e820: last_pfn = 0x7fff0 max_arch_pfn = 0x400000000
[    0.000000] MTRR: Disabled
[    0.000000] x86/PAT: MTRRs disabled, skipping PAT initialization too.
[    0.000000] CPU MTRRs all blank - virtualized system.
[    0.000000] x86/PAT: Configuration [0-7]: WB  WT  UC- UC  WB  WT  UC- UC  
[    0.000000] found SMP MP-table at [mem 0x0009fff0-0x0009ffff]
[    0.000000] Scanning 1 areas for low memory corruption
[    0.000000] RAMDISK: [mem 0x35819000-0x36c03fff]
[    0.000000] ACPI: Early table checksum verification disabled
[    0.000000] ACPI: RSDP 0x00000000000E0000 000024 (v02 VBOX  )
[    0.000000] ACPI: XSDT 0x000000007FFF0030 00003C (v01 VBOX   VBOXXSDT 00000001 ASL  00000061)
[    0.000000] ACPI: FACP 0x000000007FFF00F0 0000F4 (v04 VBOX   VBOXFACP 00000001 ASL  00000061)
[    0.000000] ACPI: DSDT 0x000000007FFF0610 002353 (v02 VBOX   VBOXBIOS 00000002 INTL 20100528)
[    0.000000] ACPI: FACS 0x000000007FFF0200 000040
[    0.000000] ACPI: FACS 0x000000007FFF0200 000040
[    0.000000] ACPI: APIC 0x000000007FFF0240 00005C (v02 VBOX   VBOXAPIC 00000001 ASL  00000061)
[    0.000000] ACPI: SSDT 0x000000007FFF02A0 00036C (v01 VBOX   VBOXCPUT 00000002 INTL 20100528)
[    0.000000] ACPI: Reserving FACP table memory at [mem 0x7fff00f0-0x7fff01e3]
[    0.000000] ACPI: Reserving DSDT table memory at [mem 0x7fff0610-0x7fff2962]
[    0.000000] ACPI: Reserving FACS table memory at [mem 0x7fff0200-0x7fff023f]
[    0.000000] ACPI: Reserving FACS table memory at [mem 0x7fff0200-0x7fff023f]
[    0.000000] ACPI: Reserving APIC table memory at [mem 0x7fff0240-0x7fff029b]
[    0.000000] ACPI: Reserving SSDT table memory at [mem 0x7fff02a0-0x7fff060b]
[    0.000000] No NUMA configuration found
[    0.000000] Faking a node at [mem 0x0000000000000000-0x000000007ffeffff]
[    0.000000] NODE_DATA(0) allocated [mem 0x7ffc5000-0x7ffeffff]
[    0.000000] kvm-clock: cpu 0, msr 0:7ff44001, primary cpu clock
[    0.000000] kvm-clock: Using msrs 4b564d01 and 4b564d00
[    0.000000] kvm-clock: using sched offset of 4083504850 cycles
[    0.000000] clocksource: kvm-clock: mask: 0xffffffffffffffff max_cycles: 0x1cd42e4dffb, max_idle_ns: 881590591483 ns
[    0.000000] Zone ranges:
[    0.000000]   DMA      [mem 0x0000000000001000-0x0000000000ffffff]
[    0.000000]   DMA32    [mem 0x0000000001000000-0x000000007ffeffff]
[    0.000000]   Normal   empty
[    0.000000]   Device   empty
[    0.000000] Movable zone start for each node
[    0.000000] Early memory node ranges
[    0.000000]   node   0: [mem 0x0000000000001000-0x000000000009efff]
[    0.000000]   node   0: [mem 0x0000000000100000-0x000000007ffeffff]
[    0.000000] Reserved but unavailable: 104 pages
[    0.000000] Initmem setup node 0 [mem 0x0000000000001000-0x000000007ffeffff]
[    0.000000] ACPI: PM-Timer IO Port: 0x4008
[    0.000000] IOAPIC[0]: apic_id 2, version 32, address 0xfec00000, GSI 0-23
[    0.000000] ACPI: INT_SRC_OVR (bus 0 bus_irq 0 global_irq 2 dfl dfl)
[    0.000000] ACPI: INT_SRC_OVR (bus 0 bus_irq 9 global_irq 9 low level)
[    0.000000] Using ACPI (MADT) for SMP configuration information
[    0.000000] smpboot: Allowing 2 CPUs, 0 hotplug CPUs
[    0.000000] PM: Registered nosave memory: [mem 0x00000000-0x00000fff]
[    0.000000] PM: Registered nosave memory: [mem 0x0009f000-0x0009ffff]
[    0.000000] PM: Registered nosave memory: [mem 0x000a0000-0x000effff]
[    0.000000] PM: Registered nosave memory: [mem 0x000f0000-0x000fffff]
[    0.000000] e820: [mem 0x80000000-0xfebfffff] available for PCI devices
[    0.000000] Booting paravirtualized kernel on KVM
[    0.000000] clocksource: refined-jiffies: mask: 0xffffffff max_cycles: 0xffffffff, max_idle_ns: 7645519600211568 ns
[    0.000000] setup_percpu: NR_CPUS:8192 nr_cpumask_bits:2 nr_cpu_ids:2 nr_node_ids:1
[    0.000000] percpu: Embedded 50 pages/cpu s167936 r8192 d28672 u1048576
[    0.000000] PV qspinlock hash table entries: 256 (order: 0, 4096 bytes)
[    0.000000] Built 1 zonelists, mobility grouping on.  Total pages: 515961
[    0.000000] Policy zone: DMA32
[    0.000000] Kernel command line: BOOT_IMAGE=/boot/vmlinuz-4.15.0-213-generic root=UUID=f685bb41-0e3b-40c4-89c1-eea0f0583525 ro console=tty1 console=ttyS0
[    0.000000] Memory: 2013968K/2096696K available (12300K kernel code, 2477K rwdata, 4324K rodata, 2480K init, 2720K bss, 82728K reserved, 0K cma-reserved)
[    0.000000] SLUB: HWalign=64, Order=0-3, MinObjects=0, CPUs=2, Nodes=1
[    0.000000] ftrace: allocating 39508 entries in 155 pages
[    0.004000] Hierarchical RCU implementation.
[    0.004000] 	RCU restricting CPUs from NR_CPUS=8192 to nr_cpu_ids=2.
[    0.004000] 	Tasks RCU enabled.
[    0.004000] RCU: Adjusting geometry for rcu_fanout_leaf=16, nr_cpu_ids=2
[    0.004000] NR_IRQS: 524544, nr_irqs: 440, preallocated irqs: 16
[    0.004000] random: crng init done
[    0.004000] Console: colour VGA+ 80x25
[    0.004000] console [tty1] enabled
[    0.004000] console [ttyS0] enabled
[    0.004000] ACPI: Core revision 20170831
[    0.004000] ACPI: 2 ACPI AML tables successfully acquired and loaded
[    0.004000] APIC: Switch to symmetric I/O mode setup
[    0.004000] ..TIMER: vector=0x30 apic1=0 pin1=2 apic2=-1 pin2=-1
[    0.004005] tsc: Detected 3193.918 MHz processor
[    0.008008] Calibrating delay loop (skipped) preset value.. 6387.83 BogoMIPS (lpj=12775672)
[    0.012004] pid_max: default: 32768 minimum: 301
[    0.016076] Security Framework initialized
[    0.018501] Yama: becoming mindful.
[    0.020088] AppArmor: AppArmor initialized
[    0.030030] Dentry cache hash table entries: 262144 (order: 9, 2097152 bytes)
[    0.037599] Inode-cache hash table entries: 131072 (order: 8, 1048576 bytes)
[    0.040102] Mount-cache hash table entries: 4096 (order: 3, 32768 bytes)
[    0.044093] Mountpoint-cache hash table entries: 4096 (order: 3, 32768 bytes)
[    0.049158] Last level iTLB entries: 4KB 512, 2MB 512, 4MB 256
[    0.052005] Last level dTLB entries: 4KB 2048, 2MB 2048, 4MB 1024, 1GB 0
[    0.056003] Spectre V1 : Mitigation: usercopy/swapgs barriers and __user pointer sanitization
[    0.060003] Spectre V2 : Mitigation: Retpolines
[    0.062456] Spectre V2 : Spectre v2 / SpectreRSB mitigation: Filling RSB on context switch
[    0.064003] Spectre V2 : Spectre v2 / SpectreRSB : Filling RSB on VMEXIT
[    0.068213] Freeing SMP alternatives memory: 36K
[    0.186186] smpboot: CPU0: AMD Ryzen 7 5800H with Radeon Graphics (family: 0x19, model: 0x50, stepping: 0x0)
[    0.188327] Performance Events: PMU not available due to virtualization, using software events only.
[    0.192099] Hierarchical SRCU implementation.
[    0.196714] NMI watchdog: Perf event create on CPU 0 failed with -2
[    0.200002] NMI watchdog: Perf NMI watchdog permanently disabled
[    0.204276] smp: Bringing up secondary CPUs ...
[    0.208798] x86: Booting SMP configuration:
[    0.212003] .... node  #0, CPUs:      #1
[    0.004000] kvm-clock: cpu 1, msr 0:7ff44041, secondary cpu clock
[    0.223433] TSC synchronization [CPU#0 -> CPU#1]:
[    0.224000] Measured 82383 cycles TSC warp between CPUs, turning off TSC clock.
[    0.224000] tsc: Marking TSC unstable due to check_tsc_sync_source failed
[    0.228087] smp: Brought up 1 node, 2 CPUs
[    0.232006] smpboot: Max logical packages: 1
[    0.235008] smpboot: Total of 2 processors activated (12775.67 BogoMIPS)
[    0.240135] devtmpfs: initialized
[    0.242488] x86/mm: Memory block size: 128MB
[    0.244637] evm: security.selinux
[    0.248003] evm: security.SMACK64
[    0.252003] evm: security.SMACK64EXEC
[    0.256002] evm: security.SMACK64TRANSMUTE
[    0.258494] evm: security.SMACK64MMAP
[    0.260002] evm: security.apparmor
[    0.264002] evm: security.ima
[    0.268003] evm: security.capability
[    0.272409] clocksource: jiffies: mask: 0xffffffff max_cycles: 0xffffffff, max_idle_ns: 7645041785100000 ns
[    0.284016] futex hash table entries: 512 (order: 3, 32768 bytes)
[    0.288392] pinctrl core: initialized pinctrl subsystem
[    0.292374] RTC time:  8:45:42, date: 10/28/24
[    0.297020] NET: Registered protocol family 16
[    0.300153] audit: initializing netlink subsys (disabled)
[    0.304246] audit: type=2000 audit(1730105148.407:1): state=initialized audit_enabled=0 res=1
[    0.308095] cpuidle: using governor ladder
[    0.312009] cpuidle: using governor menu
[    0.316725] ACPI: bus type PCI registered
[    0.320005] acpiphp: ACPI Hot Plug PCI Controller Driver version: 0.5
[    0.324398] PCI: Using configuration type 1 for base access
[    0.328002] PCI: Using configuration type 1 for extended access
[    0.336491] HugeTLB registered 2.00 MiB page size, pre-allocated 0 pages
[    0.348301] ACPI: Added _OSI(Module Device)
[    0.351195] ACPI: Added _OSI(Processor Device)
[    0.352008] ACPI: Added _OSI(3.0 _SCP Extensions)
[    0.356009] ACPI: Added _OSI(Processor Aggregator Device)
[    0.360010] ACPI: Added _OSI(Linux-Dell-Video)
[    0.364080] ACPI: Added _OSI(Linux-Lenovo-NV-HDMI-Audio)
[    0.368007] ACPI: Added _OSI(Linux-HPI-Hybrid-Graphics)
[    0.372955] ACPI: Executed 1 blocks of module-level executable AML code
[    0.380068] ACPI: Interpreter enabled
[    0.383031] ACPI: (supports S0 S5)
[    0.384005] ACPI: Using IOAPIC for interrupt routing
[    0.388581] PCI: Using host bridge windows from ACPI; if necessary, use "pci=nocrs" and report a bug
[    0.392308] ACPI: Enabled 2 GPEs in block 00 to 07
[    0.407888] ACPI: PCI Root Bridge [PCI0] (domain 0000 [bus 00-ff])
[    0.408013] acpi PNP0A03:00: _OSC: OS supports [ExtendedConfig ASPM ClockPM Segments MSI]
[    0.416916] acpi PNP0A03:00: _OSC: platform does not support [PCIeCapability]
[    0.420871] acpi PNP0A03:00: _OSC: not requesting control; platform does not support [PCIeCapability]
[    0.424009] acpi PNP0A03:00: _OSC: OS requested [PCIeHotplug PME AER PCIeCapability]
[    0.428026] acpi PNP0A03:00: _OSC: platform willing to grant [PCIeHotplug PME AER]
[    0.432007] acpi PNP0A03:00: _OSC failed (AE_SUPPORT); disabling ASPM
[    0.440204] PCI host bridge to bus 0000:00
[    0.442867] pci_bus 0000:00: root bus resource [io  0x0000-0x0cf7 window]
[    0.444005] pci_bus 0000:00: root bus resource [io  0x0d00-0xffff window]
[    0.448005] pci_bus 0000:00: root bus resource [mem 0x000a0000-0x000bffff window]
[    0.452005] pci_bus 0000:00: root bus resource [mem 0x80000000-0xfdffffff window]
[    0.456004] pci_bus 0000:00: root bus resource [bus 00-ff]
[    0.465938] pci 0000:00:01.1: legacy IDE quirk: reg 0x10: [io  0x01f0-0x01f7]
[    0.468004] pci 0000:00:01.1: legacy IDE quirk: reg 0x14: [io  0x03f6]
[    0.472003] pci 0000:00:01.1: legacy IDE quirk: reg 0x18: [io  0x0170-0x0177]
[    0.476003] pci 0000:00:01.1: legacy IDE quirk: reg 0x1c: [io  0x0376]
[    0.494587] pci 0000:00:07.0: quirk: [io  0x4000-0x403f] claimed by PIIX4 ACPI
[    0.496026] pci 0000:00:07.0: quirk: [io  0x4100-0x410f] claimed by PIIX4 SMB
[    0.506112] ACPI: PCI Interrupt Link [LNKA] (IRQs 5 9 10 *11)
[    0.508368] ACPI: PCI Interrupt Link [LNKB] (IRQs 5 9 *10 11)
[    0.512140] ACPI: PCI Interrupt Link [LNKC] (IRQs 5 *9 10 11)
[    0.515658] ACPI: PCI Interrupt Link [LNKD] (IRQs 5 9 10 *11)
[    0.516532] SCSI subsystem initialized
[    0.520187] pci 0000:00:02.0: vgaarb: setting as boot VGA device
[    0.524000] pci 0000:00:02.0: vgaarb: VGA device added: decodes=io+mem,owns=io+mem,locks=none
[    0.524008] pci 0000:00:02.0: vgaarb: bridge control possible
[    0.527641] vgaarb: loaded
[    0.528098] ACPI: bus type USB registered
[    0.532072] usbcore: registered new interface driver usbfs
[    0.535433] usbcore: registered new interface driver hub
[    0.536021] usbcore: registered new device driver usb
[    0.544023] EDAC MC: Ver: 3.0.0
[    0.548374] PCI: Using ACPI for IRQ routing
[    0.556469] NetLabel: Initializing
[    0.560005] NetLabel:  domain hash size = 128
[    0.564004] NetLabel:  protocols = UNLABELED CIPSOv4 CALIPSO
[    0.572025] NetLabel:  unlabeled traffic allowed by default
[    0.580436] clocksource: Switched to clocksource kvm-clock
[    0.600240] VFS: Disk quotas dquot_6.6.0
[    0.600240] VFS: Dquot-cache hash table entries: 512 (order 0, 4096 bytes)
[    0.600240] AppArmor: AppArmor Filesystem Enabled
[    0.600240] pnp: PnP ACPI init
[    0.600240] pnp: PnP ACPI: found 3 devices
[    0.731620] clocksource: acpi_pm: mask: 0xffffff max_cycles: 0xffffff, max_idle_ns: 2085701024 ns
[    0.732388] NET: Registered protocol family 2
[    0.732388] IP idents hash table entries: 32768 (order: 6, 262144 bytes)
[    0.760202] TCP established hash table entries: 16384 (order: 5, 131072 bytes)
[    0.767840] TCP bind hash table entries: 16384 (order: 6, 262144 bytes)
[    0.771264] TCP: Hash tables configured (established 16384 bind 16384)
[    0.771264] UDP hash table entries: 1024 (order: 3, 32768 bytes)
[    0.771264] UDP-Lite hash table entries: 1024 (order: 3, 32768 bytes)
[    0.771264] NET: Registered protocol family 1
[    0.771264] pci 0000:00:00.0: Limiting direct PCI/PCI transfers
[    0.771264] pci 0000:00:01.0: Activating ISA DMA hang workarounds
[    0.771264] pci 0000:00:02.0: Video device with shadowed ROM at [mem 0x000c0000-0x000dffff]
[    0.771264] Unpacking initramfs...
[    1.263390] Freeing initrd memory: 20396K
[    1.266001] clocksource: tsc: mask: 0xffffffffffffffff max_cycles: 0x2e09d839294, max_idle_ns: 440795208921 ns
[    1.271985] platform rtc_cmos: registered platform RTC device (no PNP device found)
[    1.276661] Scanning for low memory corruption every 60 seconds
[    1.282580] Initialise system trusted keyrings
[    1.285466] Key type blacklist registered
[    1.288451] workingset: timestamp_bits=36 max_order=19 bucket_order=0
[    1.293619] zbud: loaded
[    1.296228] squashfs: version 4.0 (2009/01/31) Phillip Lougher
[    1.301195] fuse init (API version 7.26)
[    1.332533] Key type asymmetric registered
[    1.335133] Asymmetric key parser 'x509' registered
[    1.339445] Block layer SCSI generic (bsg) driver version 0.4 loaded (major 246)
[    1.345543] io scheduler noop registered
[    1.348451] io scheduler deadline registered
[    1.351655] io scheduler cfq registered (default)
[    1.355760] ACPI: AC Adapter [AC] (on-line)
[    1.360037] input: Power Button as /devices/LNXSYSTM:00/LNXPWRBN:00/input/input0
[    1.365714] ACPI: Power Button [PWRF]
[    1.369234] input: Sleep Button as /devices/LNXSYSTM:00/LNXSLPBN:00/input/input1
[    1.374636] ACPI: Sleep Button [SLPF]
[    1.380324] ACPI: Battery Slot [BAT0] (battery present)
[    1.384934] Serial: 8250/16550 driver, 32 ports, IRQ sharing enabled
[    1.415308] 00:02: ttyS0 at I/O 0x3f8 (irq = 4, base_baud = 115200) is a 16550A
[    1.435720] Linux agpgart interface v0.103
[    1.447813] loop: module loaded
[    1.453312] scsi host0: ata_piix
[    1.458076] scsi host1: ata_piix
[    1.464061] ata1: PATA max UDMA/33 cmd 0x1f0 ctl 0x3f6 bmdma 0xd000 irq 14
[    1.474576] ata2: PATA max UDMA/33 cmd 0x170 ctl 0x376 bmdma 0xd008 irq 15
[    1.488551] tun: Universal TUN/TAP device driver, 1.6
[    1.497504] PPP generic driver version 2.4.2
[    1.506633] ehci_hcd: USB 2.0 'Enhanced' Host Controller (EHCI) Driver
[    1.515996] ehci-pci: EHCI PCI platform driver
[    1.521178] ehci-platform: EHCI generic platform driver
[    1.527629] ohci_hcd: USB 1.1 'Open' Host Controller (OHCI) Driver
[    1.533351] ohci-pci: OHCI PCI platform driver
[    1.537821] ohci-platform: OHCI generic platform driver
[    1.543244] uhci_hcd: USB Universal Host Controller Interface driver
[    1.549974] i8042: PNP: PS/2 Controller [PNP0303:PS2K,PNP0f03:PS2M] at 0x60,0x64 irq 1,12
[    1.558795] serio: i8042 KBD port at 0x60,0x64 irq 1
[    1.563113] serio: i8042 AUX port at 0x60,0x64 irq 12
[    1.567822] mousedev: PS/2 mouse device common for all mice
[    1.576446] rtc_cmos rtc_cmos: rtc core: registered rtc_cmos as rtc0
[    1.585189] rtc_cmos rtc_cmos: alarms up to one day, 114 bytes nvram
[    1.590258] input: AT Translated Set 2 keyboard as /devices/platform/i8042/serio0/input/input2
[    1.599043] i2c /dev entries driver
[    1.602583] device-mapper: uevent: version 1.0.3
[    1.606664] device-mapper: ioctl: 4.37.0-ioctl (2017-09-20) initialised: dm-devel@redhat.com
[    1.612702] ledtrig-cpu: registered to indicate activity on CPUs
[    1.618813] NET: Registered protocol family 10
[    1.631663] Segment Routing with IPv6
[    1.634266] NET: Registered protocol family 17
[    1.637930] Key type dns_resolver registered
[    1.651769] mce: Using 0 MCE banks
[    1.655887] RAS: Correctable Errors collector initialized.
[    1.661243] sched_clock: Marking stable (1661158863, 0)->(2202265103, -541106240)
[    1.706102] registered taskstats version 1
[    1.709772] Loading compiled-in X.509 certificates
[    1.717642] Loaded X.509 cert 'Build time autogenerated kernel key: cdc7189136aaa35407544516090e2034d9c28e14'
[    1.725660] Loaded X.509 cert 'Canonical Ltd. Live Patch Signing: 14df34d1a87cf37625abec039ef2bf521249b969'
[    1.733869] Loaded X.509 cert 'Canonical Ltd. Kernel Module Signing: 88f752e560a1e0737e31163a466ad7b70a850c19'
[    1.740405] blacklist: Loading compiled-in revocation X.509 certificates
[    1.745112] Loaded X.509 cert 'Canonical Ltd. Secure Boot Signing: 61482aa2830d0ab2ad5af10b7250da9033ddcef0'
[    1.751737] Loaded X.509 cert 'Canonical Ltd. Secure Boot Signing (2017): 242ade75ac4a15e50d50c84b0d45ff3eae707a03'
[    1.758132] Loaded X.509 cert 'Canonical Ltd. Secure Boot Signing (ESM 2018): 365188c1d374d6b07c3c8f240f8ef722433d6a8b'
[    1.765794] Loaded X.509 cert 'Canonical Ltd. Secure Boot Signing (2019): c0746fd6c5da3ae827864651ad66ae47fe24b3e8'
[    1.772084] Loaded X.509 cert 'Canonical Ltd. Secure Boot Signing (2021 v1): a8d54bbb3825cfb94fa13c9f8a594a195c107b8d'
[    1.779249] Loaded X.509 cert 'Canonical Ltd. Secure Boot Signing (2021 v2): 4cf046892d6fd3c9a5b03f98d845f90851dc6a8c'
[    1.786043] Loaded X.509 cert 'Canonical Ltd. Secure Boot Signing (2021 v3): 100437bb6de6e469b581e61cd66bce3ef4ed53af'
[    1.792557] Loaded X.509 cert 'Canonical Ltd. Secure Boot Signing (Ubuntu Core 2019): c1d57b8f6b743f23ee41f4f7ee292f06eecadfb9'
[    1.799583] zswap: loaded using pool lzo/zbud
[    1.811594] Key type big_key registered
[    1.814999] Key type trusted registered
[    1.820833] Key type encrypted registered
[    1.823449] AppArmor: AppArmor sha1 policy hashing enabled
[    1.827235] ima: No TPM chip found, activating TPM-bypass! (rc=-19)
[    1.831876] ima: Allocated hash algorithm: sha1
[    1.834787] evm: HMAC attrs: 0x1
[    1.837666]   Magic number: 12:213:777
[    1.841295] misc rfkill: hash matches
[    1.845114] rtc_cmos rtc_cmos: setting system clock to 2024-10-28 08:45:44 UTC (1730105144)
[    1.850780] BIOS EDD facility v0.16 2004-Jun-25, 0 devices found
[    1.854507] EDD information not available.
[    1.859887] Freeing unused kernel image memory: 2480K
[    1.884564] Write protecting the kernel read-only data: 20480k
[    1.888694] Freeing unused kernel image memory: 2008K
[    1.892331] Freeing unused kernel image memory: 1820K
[    1.903077] x86/mm: Checked W+X mappings: passed, no W+X pages found.
Loading, please wait...
starting version 237
[    2.017902] Fusion MPT base driver 3.04.20
[    2.022062] Copyright (c) 1999-2008 LSI Corporation
[    2.026653] e1000: Intel(R) PRO/1000 Network Driver - version 7.3.21-k8-NAPI
[    2.033040] e1000: Copyright (c) 1999-2006 Intel Corporation.
[    2.044304] Fusion MPT SPI Host driver 3.04.20
[    2.056663] mptbase: ioc0: Initiating bringup
[    2.077420] SSE version of gcm_enc/dec engaged.
[    2.172771] ioc0: LSI53C1030 A0: Capabilities={Initiator}
[    2.324191] input: ImExPS/2 Generic Explorer Mouse as /devices/platform/i8042/serio1/input/input4
[    2.563786] scsi host2: ioc0: LSI53C1030 A0, FwRev=00000000h, Ports=1, MaxQ=256, IRQ=20
[    2.741294] scsi 2:0:0:0: Direct-Access     VBOX     HARDDISK         1.0  PQ: 0 ANSI: 5
[    2.789084] scsi target2:0:0: Beginning Domain Validation
[    2.804931] scsi target2:0:0: Domain Validation skipping write tests
[    2.809172] scsi target2:0:0: Ending Domain Validation
[    2.813170] scsi target2:0:0: asynchronous
[    2.818578] scsi 2:0:1:0: Direct-Access     VBOX     HARDDISK         1.0  PQ: 0 ANSI: 5
[    3.080401] scsi target2:0:1: Beginning Domain Validation
[    3.089552] scsi target2:0:1: Domain Validation skipping write tests
[    3.094373] scsi target2:0:1: Ending Domain Validation
[    3.098745] scsi target2:0:1: asynchronous
[    3.112958] sd 2:0:0:0: [sda] 83886080 512-byte logical blocks: (42.9 GB/40.0 GiB)
[    3.119259] sd 2:0:0:0: Attached scsi generic sg0 type 0
[    3.124515] sd 2:0:0:0: [sda] Write Protect is off
[    3.129423] sd 2:0:1:0: Attached scsi generic sg1 type 0
[    3.135164] sd 2:0:0:0: [sda] Incomplete mode parameter data
[    3.140558] sd 2:0:0:0: [sda] Assuming drive cache: write through
[    3.148782] sd 2:0:1:0: [sdb] 20480 512-byte logical blocks: (10.5 MB/10.0 MiB)
[    3.155286] sd 2:0:1:0: [sdb] Write Protect is off
[    3.159662] sd 2:0:1:0: [sdb] Incomplete mode parameter data
[    3.165086] sd 2:0:1:0: [sdb] Assuming drive cache: write through
[    3.172782]  sda: sda1
[    3.177867] sd 2:0:0:0: [sda] Attached SCSI disk
[    3.187303] sd 2:0:1:0: [sdb] Attached SCSI disk
[    3.397872] e1000 0000:00:03.0 eth0: (PCI:33MHz:32-bit) 02:3b:7b:b7:3b:2d
[    3.402695] e1000 0000:00:03.0 eth0: Intel(R) PRO/1000 Network Connection
[    3.962716] e1000 0000:00:08.0 eth1: (PCI:33MHz:32-bit) 08:00:27:ca:8d:f0
[    3.969209] e1000 0000:00:08.0 eth1: Intel(R) PRO/1000 Network Connection
[    3.979432] e1000 0000:00:03.0 enp0s3: renamed from eth0
[    3.997683] e1000 0000:00:08.0 enp0s8: renamed from eth1
Begin: Loading essential drivers ... [    6.315209] raid6: sse2x1   gen() 36102 MB/s
[    7.316181] raid6: sse2x1   xor() 224165 MB/s
[    9.317337] raid6: sse2x2   gen() 271210 MB/s
[   11.315021] raid6: sse2x2   xor() 265355 MB/s
[   11.378011] raid6: sse2x4   gen() 18494 MB/s
[   11.439867] raid6: sse2x4   xor()  9752 MB/s
[   11.443024] raid6: using algorithm sse2x2 gen() 271210 MB/s
[   11.447017] raid6: .... xor() 265355 MB/s, rmw enabled
[   11.450644] raid6: using ssse3x2 recovery algorithm
[   11.456679] xor: measuring software checksum speed
[   11.496599]    prefetch64-sse: 14356.000 MB/sec
[   11.536397]    generic_sse: 15608.000 MB/sec
[   11.538801] xor: using function: generic_sse (15608.000 MB/sec)
[   11.544486] async_tx: api initialized (async)
done.
Begin: Running /scripts/init-premount ... done.
Begin: Mounting root file system ... Begin: Running /scripts/local-top ... done.
Begin: Running /scripts/local-premount ... [   11.613121] Btrfs loaded, crc32c=crc32c-intel
Scanning for Btrfs filesystems
done.
Begin: Will now check root file system ... fsck from util-linux 2.31.1
[/sbin/fsck.ext4 (1) -- /dev/sda1] fsck.ext4 -a -C0 /dev/sda1 
cloudimg-rootfs: clean, 126625/5120000 files, 1230844/10485499 blocks
done.
[   11.708040] EXT4-fs (sda1): mounted filesystem with ordered data mode. Opts: (null)
done.
Begin: Running /scripts/local-bottom ... done.
Begin: Running /scripts/init-bottom ... done.
[   11.982182] ip_tables: (C) 2000-2006 Netfilter Core Team
[   12.002700] systemd[1]: systemd 237 running in system mode. (+PAM +AUDIT +SELINUX +IMA +APPARMOR +SMACK +SYSVINIT +UTMP +LIBCRYPTSETUP +GCRYPT +GNUTLS +ACL +XZ +LZ4 +SECCOMP +BLKID +ELFUTILS +KMOD -IDN2 +IDN -PCRE2 default-hierarchy=hybrid)
[   12.016667] systemd[1]: Detected virtualization oracle.
[   12.019947] systemd[1]: Detected architecture x86-64.

Welcome to [1mUbuntu 18.04.6 LTS[0m!

[   12.053843] systemd[1]: Set hostname to <ubuntu-bionic>.
[   12.446234] systemd[1]: Set up automount Arbitrary Executable File Formats File System Automount Point.
[[0;32m  OK  [0m] Set up automount Arbitrary Executab…rmats File System Automount Point.
[   12.455367] systemd[1]: Reached target System Time Synchronized.
[[0;32m  OK  [0m] Reached target System Time Synchronized.
[   12.461329] systemd[1]: Started Forward Password Requests to Wall Directory Watch.
[[0;32m  OK  [0m] Started Forward Password Requests to Wall Directory Watch.
[   12.468426] systemd[1]: Reached target User and Group Name Lookups.
[[0;32m  OK  [0m] Reached target User and Group Name Lookups.
[   12.474593] systemd[1]: Reached target Mounting snaps.
[[0;32m  OK  [0m] Reached target Mounting snaps.
[   12.480393] systemd[1]: Reached target Mounted snaps.
[[0;32m  OK  [0m] Reached target Mounted snaps.
[[0;32m  OK  [0m] Created slice User and Session Slice.
[[0;32m  OK  [0m] Reached target Swap.
[[0;32m  OK  [0m] Created slice System Slice.
[[0;32m  OK  [0m] Reached target Slices.
[[0;32m  OK  [0m] Listening on LVM2 metadata daemon socket.
[[0;32m  OK  [0m] Listening on Journal Socket.
[[0;32m  OK  [0m] Listening on /dev/initctl Compatibility Named Pipe.
         Starting Create list of required st…ce nodes for the current kernel...
[[0;32m  OK  [0m] Listening on Journal Audit Socket.
[[0;32m  OK  [0m] Listening on Device-mapper event daemon FIFOs.
         Starting Monitoring of LVM2 mirrors…ng dmeventd or progress polling...
[[0;32m  OK  [0m] Listening on udev Kernel Socket.
         Starting Uncomplicated firewall...
[[0;32m  OK  [0m] Created slice system-serial\x2dgetty.slice.
         Mounting Huge Pages File System...
[[0;32m  OK  [0m] Listening on Journal Socket (/dev/log).
[[0;32m  OK  [0m] Listening on Network Service Netlink Socket.
         Starting Set the console keyboard layout...
         Mounting Kernel Debug File System...
[[0;32m  OK  [0m] Listening on LVM2 poll daemon socket.
         Starting Load Kernel Modules...
[[0;32m  OK  [0m] Listening on fsck to fsckd communication Socket.
         Starting Remount Root and Kernel File Systems...
[[0;32m  OK  [0m] Listening on udev Control Socket.
         Starting udev Coldplug all Devices...
[[0;32m  OK  [0m] Listening on Syslog Socket.
         Starting Journal Service...
         Mounting POSIX Message Queue File System...
[[0;32m  OK  [0m] Started Create list of required sta…vice nodes for the current kernel.
[[0;32m  OK  [0m] Started Uncomplicated firewall.
[[0;32m  OK  [0m] Mounted Huge Pages File System.
[[0;32m  OK  [0m] Mounted Kernel Debug File System.
[[0;32m  OK  [0m] Mounted POSIX Message Queue File System.
         Starting Create Static Device Nodes in /dev...
[   12.631452] Loading iSCSI transport class v2.0-870.
[   12.640329] EXT4-fs (sda1): re-mounted. Opts: (null)
[[0;32m  OK  [0m] Started Remount Root and Kernel File Systems.
[   12.699925] iscsi: registered transport (tcp)
[   12.729935] iscsi: registered transport (iser)
         Starting Load/Save Random Seed...
[[0;32m  OK  [0m] Started Load Kernel Modules.
[[0;32m  OK  [0m] Started Create Static Device Nodes in /dev.
[[0;32m  OK  [0m] Started udev Coldplug all Devices.
         Starting udev Kernel Device Manager...
         Starting Apply Kernel Variables...
         Mounting FUSE Control File System...
         Mounting Kernel Configuration File System...
[[0;32m  OK  [0m] Mounted FUSE Control File System.
[[0;32m  OK  [0m] Started Load/Save Random Seed.
[[0;32m  OK  [0m] Mounted Kernel Configuration File System.
[[0;32m  OK  [0m] Started LVM2 metadata daemon.
[[0;32m  OK  [0m] Started Journal Service.
         Starting Flush Journal to Persistent Storage...
[[0;32m  OK  [0m] Started udev Kernel Device Manager.
[[0;32m  OK  [0m] Started Apply Kernel Variables.
[[0;32m  OK  [0m] Started Set the console keyboard layout.
[[0;32m  OK  [0m] Started Dispatch Password Requests to Console Directory Watch.
[[0;32m  OK  [0m] Reached target Local Encrypted Volumes.
[[0;32m  OK  [0m] Started Monitoring of LVM2 mirrors,…sing dmeventd or progress polling.
[[0;32m  OK  [0m] Reached target Local File Systems (Pre).
[[0;32m  OK  [0m] Reached target Local File Systems.
         Starting AppArmor initialization...
         Starting ebtables ruleset management...
         Starting Set console font and keymap...
         Starting Tell Plymouth To Write Out Runtime Data...
[[0;32m  OK  [0m] Started Set console font and keymap.
[[0;32m  OK  [0m] Started Tell Plymouth To Write Out Runtime Data.
[[0;32m  OK  [0m] Found device /dev/ttyS0.
[[0;32m  OK  [0m] Started ebtables ruleset management.
[[0;32m  OK  [0m] Started Flush Journal to Persistent Storage.
         Starting Create Volatile Files and Directories...
[[0;32m  OK  [0m] Listening on Load/Save RF Kill Switch Status /dev/rfkill Watch.
[[0;32m  OK  [0m] Started Create Volatile Files and Directories.
         Starting Update UTMP about System Boot/Shutdown...
[[0;32m  OK  [0m] Started Update UTMP about System Boot/Shutdown.
[[0;32m  OK  [0m] Started AppArmor initialization.
         Mounting Arbitrary Executable File Formats File System...
         Starting Initial cloud-init job (pre-networking)...
         Starting Load AppArmor profiles managed internally by snapd...
[[0;32m  OK  [0m] Mounted Arbitrary Executable File Formats File System.
[[0;32m  OK  [0m] Started Load AppArmor profiles managed internally by snapd.
[   15.369614] cloud-init[576]: Cloud-init v. 23.1.2-0ubuntu0~18.04.1 running 'init-local' at Mon, 28 Oct 2024 08:45:57 +0000. Up 15.12 seconds.
[[0;32m  OK  [0m] Started Initial cloud-init job (pre-networking).
[[0;32m  OK  [0m] Reached target Network (Pre).
         Starting Network Service...
[[0;32m  OK  [0m] Started Network Service.
         Starting Network Name Resolution...
         Starting Wait for Network to be Configured...
[[0;32m  OK  [0m] Started Network Name Resolution.
[[0;32m  OK  [0m] Reached target Host and Network Name Lookups.
[[0;32m  OK  [0m] Reached target Network.
[[0;32m  OK  [0m] Started Wait for Network to be Configured.
         Starting Initial cloud-init job (metadata service crawler)...
[   17.655178] cloud-init[680]: Cloud-init v. 23.1.2-0ubuntu0~18.04.1 running 'init' at Mon, 28 Oct 2024 08:46:00 +0000. Up 17.48 seconds.
[   17.660117] cloud-init[680]: ci-info: ++++++++++++++++++++++++++++++++++++++Net device info+++++++++++++++++++++++++++++++++++++++
[   17.664837] cloud-init[680]: ci-info: +--------+------+-----------------------------+---------------+--------+-------------------+
[   17.669446] cloud-init[680]: ci-info: | Device |  Up  |           Address           |      Mask     | Scope  |     Hw-Address    |
[   17.673626] cloud-init[680]: ci-info: +--------+------+-----------------------------+---------------+--------+-------------------+
[   17.677447] cloud-init[680]: ci-info: | enp0s3 | True |          10.0.2.15          | 255.255.255.0 | global | 02:3b:7b:b7:3b:2d |
[   17.681330] cloud-init[680]: ci-info: | enp0s3 | True |  fe80::3b:7bff:feb7:3b2d/64 |       .       |  link  | 02:3b:7b:b7:3b:2d |
[   17.684942] cloud-init[680]: ci-info: | enp0s8 | True |        192.168.33.11        | 255.255.255.0 | global | 08:00:27:ca:8d:f0 |
[   17.690206] cloud-init[680]: ci-info: | enp0s8 | True | fe80::a00:27ff:feca:8df0/64 |       .       |  link  | 08:00:27:ca:8d:f0 |
[   17.694430] cloud-init[680]: ci-info: |   lo   | True |          127.0.0.1          |   255.0.0.0   |  host  |         .         |
[   17.698835] cloud-init[680]: ci-info: |   lo   | True |           ::1/128           |       .       |  host  |         .         |
[   17.703387] cloud-init[680]: ci-info: +--------+------+-----------------------------+---------------+--------+-------------------+
[   17.707840] cloud-init[680]: ci-info: +++++++++++++++++++++++++++++Route IPv4 info+++++++++++++++++++++++++++++
[   17.711298] cloud-init[680]: ci-info: +-------+--------------+----------+-----------------+-----------+-------+
[   17.715030] cloud-init[680]: ci-info: | Route | Destination  | Gateway  |     Genmask     | Interface | Flags |
[   17.718417] cloud-init[680]: ci-info: +-------+--------------+----------+-----------------+-----------+-------+
[   17.722302] cloud-init[680]: ci-info: |   0   |   0.0.0.0    | 10.0.2.2 |     0.0.0.0     |   enp0s3  |   UG  |
[   17.725811] cloud-init[680]: ci-info: |   1   |   10.0.2.0   | 0.0.0.0  |  255.255.255.0  |   enp0s3  |   U   |
[   17.729840] cloud-init[680]: ci-info: |   2   |   10.0.2.2   | 0.0.0.0  | 255.255.255.255 |   enp0s3  |   UH  |
[   17.733417] cloud-init[680]: ci-info: |   3   | 192.168.33.0 | 0.0.0.0  |  255.255.255.0  |   enp0s8  |   U   |
[   17.736849] cloud-init[680]: ci-info: +-------+--------------+----------+-----------------+-----------+-------+
[   17.740472] cloud-init[680]: ci-info: +++++++++++++++++++Route IPv6 info+++++++++++++++++++
[   17.743707] cloud-init[680]: ci-info: +-------+-------------+---------+-----------+-------+
[   17.746992] cloud-init[680]: ci-info: | Route | Destination | Gateway | Interface | Flags |
[   17.750209] cloud-init[680]: ci-info: +-------+-------------+---------+-----------+-------+
[   17.753551] cloud-init[680]: ci-info: |   1   |  fe80::/64  |    ::   |   enp0s8  |   U   |
[   17.756936] cloud-init[680]: ci-info: |   2   |  fe80::/64  |    ::   |   enp0s3  |   U   |
[   17.760876] cloud-init[680]: ci-info: |   4   |    local    |    ::   |   enp0s3  |   U   |
[   17.764908] cloud-init[680]: ci-info: |   5   |    local    |    ::   |   enp0s8  |   U   |
[   17.769288] cloud-init[680]: ci-info: |   6   |   ff00::/8  |    ::   |   enp0s8  |   U   |
[   17.773521] cloud-init[680]: ci-info: |   7   |   ff00::/8  |    ::   |   enp0s3  |   U   |
[   17.778261] cloud-init[680]: ci-info: +-------+-------------+---------+-----------+-------+
[[0;32m  OK  [0m] Started Initial cloud-init job (metadata service crawler).
[[0;32m  OK  [0m] Reached target Cloud-config availability.
[[0;32m  OK  [0m] Reached target Network is Online.
         Starting Availability of block devices...
[[0;32m  OK  [0m] Reached target Remote File Systems (Pre).
         Mounting /vagrant...
[[0;32m  OK  [0m] Reached target System Initialization.
         Starting Socket activation for snappy daemon.
[[0;32m  OK  [0m] Started Discard unused blocks once a week.
[[0;32m  OK  [0m] Started ACPI Events Check.
         Starting LXD - unix socket.
[[0;32m  OK  [0m] Reached target Paths.
[[0;32m  OK  [0m] Listening on ACPID Listen Socket.
         Starting Docker Socket for the API.
[[0;32m  OK  [0m] Started Message of the Day.
[[0;32m  OK  [0m] Listening on D-Bus System Message Bus Socket.
[[0;32m  OK  [0m] Started Daily apt download activities.
[[0;32m  OK  [0m] Started Daily apt upgrade and clean activities.
[[0;32m  OK  [0m] Listening on UUID daemon activation socket.
[[0;32m  OK  [0m] Listening on Open-iSCSI iscsid Socket.
[[0;32m  OK  [0m] Listening on cloud-init hotplug hook socket.
[[0;32m  OK  [0m] Started Daily Cleanup of Temporary Directories.
[[0;32m  OK  [0m] Started Ubuntu Advantage Timer for running repeated jobs.
[[0;32m  OK  [0m] Reached target Timers.
[[0;32m  OK  [0m] Started Availability of block devices.
[[0;32m  OK  [0m] Mounted /vagrant.
[[0;32m  OK  [0m] Listening on Socket activation for snappy daemon.
[[0;32m  OK  [0m] Listening on LXD - unix socket.
[[0;32m  OK  [0m] Listening on Docker Socket for the API.
[[0;32m  OK  [0m] Reached target Sockets.
[[0;32m  OK  [0m] Reached target Basic System.
[[0;32m  OK  [0m] Started D-Bus System Message Bus.
         Starting Accounts Service...
         Starting A high performance web server and a reverse proxy server...
         Starting System Logging Service...
[[0;32m  OK  [0m] Started irqbalance daemon.
         Starting Login Service...
         Starting Dispatcher daemon for systemd-networkd...
         Starting Virtualbox guest utils...
         Starting OpenBSD Secure Shell server...
         Starting containerd container runtime...
[[0;32m  OK  [0m] Started FUSE filesystem for LXC.
         Starting LSB: Record successful boot for GRUB...
         Starting LXD - container startup/shutdown...
[[0;32m  OK  [0m] Reached target Login Prompts (Pre).
[[0;32m  OK  [0m] Started Deferred execution scheduler.
[[0;32m  OK  [0m] Started Regular background program processing daemon.
         Starting Snap Daemon...
         Mounting /vagrant/nginx...
[[0;32m  OK  [0m] Started System Logging Service.
[[0;32m  OK  [0m] Mounted /vagrant/nginx.
[[0;32m  OK  [0m] Started OpenBSD Secure Shell server.
[[0;32m  OK  [0m] Started LXD - container startup/shutdown.
[[0;32m  OK  [0m] Started Login Service.
[[0;32m  OK  [0m] Started Unattended Upgrades Shutdown.
         Starting Authorization Manager...
[[0;32m  OK  [0m] Reached target Remote File Systems.
         Starting Permit User Sessions...
         Starting LSB: automatic crash report generation...
[[0;32m  OK  [0m] Started A high performance web server and a reverse proxy server.
[[0;32m  OK  [0m] Started Permit User Sessions.
         Starting Hold until boot process finishes up...
         Starting Terminate Plymouth Boot Screen...
[[0;32m  OK  [0m] Started Hold until boot process finishes up.
[[0;32m  OK  [0m] Started Serial Getty on ttyS0.
         Starting Set console scheme...
[[0;32m  OK  [0m] Started Terminate Plymouth Boot Screen.
[[0;32m  OK  [0m] Started Authorization Manager.
[[0;32m  OK  [0m] Started Accounts Service.
[[0;32m  OK  [0m] Started Virtualbox guest utils.
[[0;32m  OK  [0m] Started Set console scheme.
[[0;32m  OK  [0m] Created slice system-getty.slice.
[[0;32m  OK  [0m] Started Getty on tty1.
[[0;32m  OK  [0m] Reached target Login Prompts.
[[0;32m  OK  [0m] Started LSB: Record successful boot for GRUB.
[[0;32m  OK  [0m] Started LSB: automatic crash report generation.
[[0;32m  OK  [0m] Created slice User Slice of vagrant.
         Starting User Manager for UID 1000...
[[0;32m  OK  [0m] Started Session 1 of user vagrant.
[[0;32m  OK  [0m] Started Dispatcher daemon for systemd-networkd.
[[0;32m  OK  [0m] Started User Manager for UID 1000.
[[0;32m  OK  [0m] Started containerd container runtime.
         Starting Docker Application Container Engine...
[[0;32m  OK  [0m] Started Snap Daemon.
         Starting Wait until snapd is fully seeded...
         Starting Time & Date Service...
[[0;32m  OK  [0m] Started Time & Date Service.
[[0;32m  OK  [0m] Started Wait until snapd is fully seeded.
         Starting Apply the settings specified in cloud-config...
[   23.376695] cloud-init[1255]: Cloud-init v. 23.1.2-0ubuntu0~18.04.1 running 'modules:config' at Mon, 28 Oct 2024 08:46:05 +0000. Up 23.20 seconds.
[[0;32m  OK  [0m] Started Apply the settings specified in cloud-config.

Ubuntu 18.04.6 LTS ubuntu-bionic ttyS0

ubuntu-bionic login: [   26.025487] cloud-init[1584]: Cloud-init v. 23.1.2-0ubuntu0~18.04.1 running 'modules:final' at Mon, 28 Oct 2024 08:46:08 +0000. Up 25.81 seconds.
[   26.039569] cloud-init[1584]: Cloud-init v. 23.1.2-0ubuntu0~18.04.1 finished at Mon, 28 Oct 2024 08:46:08 +0000. Datasource DataSourceNoCloud [seed=/dev/sdb][dsmode=net].  Up 26.01 seconds
